{
  "RSpec": {
    "coverage": {
      "/Users/nickys/Desktop/animal-house/spec/models/animal_spec.rb": [
        1,
        null,
        1,
        2,
        null
      ],
      "/Users/nickys/Desktop/animal-house/spec/rails_helper.rb": [
        null,
        1,
        1,
        1,
        null,
        1,
        1,
        1,
        null,
        null,
        null,
        null,
        null,
        null,
        null,
        null,
        null,
        null,
        null,
        null,
        null,
        null,
        null,
        null,
        null,
        null,
        null,
        1,
        null,
        1,
        null,
        1,
        null,
        null,
        null,
        null,
        1,
        null,
        null,
        null,
        null,
        null,
        null,
        null,
        null,
        null,
        null,
        null,
        null,
        null,
        null,
        1,
        null,
        null,
        1,
        null,
        null,
        null,
        null,
        1,
        1,
        1,
        1,
        null,
        null
      ],
      "/Users/nickys/Desktop/animal-house/config/environment.rb": [
        null,
        1,
        null,
        null,
        1
      ],
      "/Users/nickys/Desktop/animal-house/config/application.rb": [
        1,
        null,
        1,
        null,
        1,
        1,
        1,
        1,
        1,
        1,
        1,
        null,
        null,
        null,
        null,
        null,
        1,
        null,
        1,
        1,
        null,
        1,
        null,
        null,
        null,
        null,
        null,
        null,
        null,
        null,
        1,
        null,
        null
      ],
      "/Users/nickys/Desktop/animal-house/config/boot.rb": [
        1,
        null,
        1
      ],
      "/Users/nickys/Desktop/animal-house/config/environments/test.rb": [
        1,
        null,
        null,
        null,
        null,
        null,
        null,
        1,
        null,
        null,
        null,
        null,
        1,
        null,
        null,
        1,
        1,
        null,
        null,
        null,
        null,
        1,
        1,
        null,
        null,
        1,
        null,
        null,
        1,
        1,
        null,
        null,
        null,
        null,
        1,
        null,
        null,
        1,
        null,
        null,
        null,
        null
      ],
      "/Users/nickys/Desktop/animal-house/config/initializers/application_controller_renderer.rb": [
        null,
        null,
        null,
        null,
        null,
        null
      ],
      "/Users/nickys/Desktop/animal-house/config/initializers/backtrace_silencers.rb": [
        null,
        null,
        null,
        null,
        null,
        null,
        null
      ],
      "/Users/nickys/Desktop/animal-house/config/initializers/cors.rb": [
        null,
        null,
        null,
        null,
        null,
        null,
        null,
        null,
        null,
        null,
        null,
        null,
        null,
        null,
        null,
        null
      ],
      "/Users/nickys/Desktop/animal-house/config/initializers/filter_parameter_logging.rb": [
        null,
        null,
        null,
        1
      ],
      "/Users/nickys/Desktop/animal-house/config/initializers/inflections.rb": [
        null,
        null,
        null,
        null,
        null,
        null,
        null,
        null,
        null,
        null,
        null,
        null,
        null,
        null,
        null,
        null
      ],
      "/Users/nickys/Desktop/animal-house/config/initializers/mime_types.rb": [
        null,
        null,
        null,
        null
      ],
      "/Users/nickys/Desktop/animal-house/config/initializers/wrap_parameters.rb": [
        null,
        null,
        null,
        null,
        null,
        null,
        1,
        2,
        null,
        null,
        null,
        null,
        null,
        null
      ],
      "/Users/nickys/Desktop/animal-house/spec/factories.rb": [
        1,
        1,
        1,
        1,
        1,
        1,
        null,
        1,
        3,
        null,
        null,
        null,
        null,
        1,
        1,
        1,
        1,
        1,
        1,
        1,
        1,
        1,
        1,
        null,
        null
      ],
      "/Users/nickys/Desktop/animal-house/config/routes.rb": [
        1,
        1,
        1,
        null,
        null
      ],
      "/Users/nickys/Desktop/animal-house/spec/support/factory_girl.rb": [
        1,
        1,
        null
      ],
      "/Users/nickys/Desktop/animal-house/app/models/animal.rb": [
        1,
        1,
        null
      ],
      "/Users/nickys/Desktop/animal-house/app/models/application_record.rb": [
        1,
        1,
        null
      ],
      "/Users/nickys/Desktop/animal-house/spec/models/type_spec.rb": [
        1,
        null,
        1,
        2,
        2,
        null
      ],
      "/Users/nickys/Desktop/animal-house/app/models/type.rb": [
        1,
        1,
        1,
        null
      ],
      "/Users/nickys/Desktop/animal-house/spec/requests/delete_type_spec.rb": [
        1,
        null,
        1,
        1,
        null,
        1,
        1,
        1,
        1,
        null,
        null
      ],
      "/Users/nickys/Desktop/animal-house/spec/requests/get_animals_spec.rb": [
        1,
        null,
        1,
        1,
        2,
        2,
        2,
        null,
        null,
        1,
        1,
        null,
        null,
        1,
        1,
        null,
        null
      ],
      "/Users/nickys/Desktop/animal-house/spec/requests/get_individual_animal_spec.rb": [
        1,
        null,
        1,
        null,
        1,
        1,
        1,
        1,
        null,
        null
      ],
      "/Users/nickys/Desktop/animal-house/spec/requests/get_individual_type_spec.rb": [
        1,
        null,
        1,
        1,
        null,
        1,
        1,
        1,
        null,
        null
      ],
      "/Users/nickys/Desktop/animal-house/spec/requests/get_types_spec.rb": [
        1,
        null,
        1,
        3,
        3,
        null,
        3,
        null,
        1,
        1,
        null,
        null,
        1,
        1,
        null,
        null
      ],
      "/Users/nickys/Desktop/animal-house/spec/requests/not_found_exception_spec.rb": [
        1,
        null,
        1,
        null,
        1,
        1,
        1,
        null,
        null
      ],
      "/Users/nickys/Desktop/animal-house/spec/requests/post_animal_spec.rb": [
        1,
        null,
        1,
        1,
        null,
        1,
        1,
        1,
        1,
        null,
        null
      ],
      "/Users/nickys/Desktop/animal-house/spec/requests/post_type_spec.rb": [
        1,
        null,
        1,
        1,
        2,
        null,
        null,
        1,
        1,
        null,
        null,
        1,
        1,
        null,
        null
      ],
      "/Users/nickys/Desktop/animal-house/spec/requests/unprocessable_entity_spec.rb": [
        1,
        null,
        1,
        1,
        1,
        null,
        null,
        1,
        1,
        null,
        null
      ],
      "/Users/nickys/Desktop/animal-house/spec/requests/update_type_spec.rb": [
        1,
        null,
        1,
        1,
        null,
        1,
        1,
        1,
        1,
        null,
        null
      ],
      "/Users/nickys/Desktop/animal-house/app/controllers/types_controller.rb": [
        1,
        1,
        2,
        2,
        null,
        null,
        1,
        4,
        3,
        null,
        null,
        1,
        3,
        2,
        null,
        null,
        1,
        1,
        1,
        1,
        null,
        null,
        null,
        null,
        null,
        1,
        1,
        1,
        1,
        null,
        null,
        null,
        null,
        null,
        1,
        1,
        4,
        null,
        null
      ],
      "/Users/nickys/Desktop/animal-house/app/controllers/application_controller.rb": [
        1,
        1,
        null,
        1,
        1,
        null,
        null,
        1,
        1,
        null,
        null
      ],
      "/Users/nickys/Desktop/animal-house/app/controllers/concerns/response.rb": [
        1,
        1,
        14,
        null,
        null
      ],
      "/Users/nickys/Desktop/animal-house/app/controllers/animals_controller.rb": [
        1,
        null,
        1,
        3,
        3,
        3,
        null,
        null,
        1,
        1,
        1,
        1,
        null,
        null,
        1,
        1,
        1,
        1,
        null,
        null,
        1,
        1,
        1,
        null,
        null
      ]
    },
    "timestamp": 1500658762
  }
}
